# Logfile created on 2014-01-12 15:29:51 +0530 by logger.rb/44203
I, [2014-01-12T15:29:51.226452 #10502]  INFO -- : 0:  RedCloth (4.2.9) from /home/pritesh/.rvm/gems/ruby-2.1.0/specifications/RedCloth-4.2.9.gemspec
I, [2014-01-12T15:29:51.227114 #10502]  INFO -- : 0:  blankslate (2.1.2.4) from /home/pritesh/.rvm/gems/ruby-2.1.0/specifications/blankslate-2.1.2.4.gemspec
I, [2014-01-12T15:29:51.227625 #10502]  INFO -- : 0:  fast-stemmer (1.0.2) from /home/pritesh/.rvm/gems/ruby-2.1.0/specifications/fast-stemmer-1.0.2.gemspec
I, [2014-01-12T15:29:51.228124 #10502]  INFO -- : 0:  classifier (1.3.4) from /home/pritesh/.rvm/gems/ruby-2.1.0/specifications/classifier-1.3.4.gemspec
I, [2014-01-12T15:29:51.228605 #10502]  INFO -- : 0:  colorator (0.1) from /home/pritesh/.rvm/gems/ruby-2.1.0/specifications/colorator-0.1.gemspec
I, [2014-01-12T15:29:51.229247 #10502]  INFO -- : 0:  highline (1.6.20) from /home/pritesh/.rvm/gems/ruby-2.1.0/specifications/highline-1.6.20.gemspec
I, [2014-01-12T15:29:51.229871 #10502]  INFO -- : 0:  commander (4.1.5) from /home/pritesh/.rvm/gems/ruby-2.1.0/specifications/commander-4.1.5.gemspec
I, [2014-01-12T15:29:51.230356 #10502]  INFO -- : 0:  ffi (1.9.3) from /home/pritesh/.rvm/gems/ruby-2.1.0/specifications/ffi-1.9.3.gemspec
I, [2014-01-12T15:29:51.230832 #10502]  INFO -- : 0:  liquid (2.5.5) from /home/pritesh/.rvm/gems/ruby-2.1.0/specifications/liquid-2.5.5.gemspec
I, [2014-01-12T15:29:51.231315 #10502]  INFO -- : 0:  rb-fsevent (0.9.4) from /home/pritesh/.rvm/gems/ruby-2.1.0/specifications/rb-fsevent-0.9.4.gemspec
I, [2014-01-12T15:29:51.231782 #10502]  INFO -- : 0:  rb-inotify (0.9.3) from /home/pritesh/.rvm/gems/ruby-2.1.0/specifications/rb-inotify-0.9.3.gemspec
I, [2014-01-12T15:29:51.232248 #10502]  INFO -- : 0:  rb-kqueue (0.2.0) from /home/pritesh/.rvm/gems/ruby-2.1.0/specifications/rb-kqueue-0.2.0.gemspec
I, [2014-01-12T15:29:51.232943 #10502]  INFO -- : 0:  listen (1.3.1) from /home/pritesh/.rvm/gems/ruby-2.1.0/specifications/listen-1.3.1.gemspec
I, [2014-01-12T15:29:51.233629 #10502]  INFO -- : 0:  maruku (0.7.0) from /home/pritesh/.rvm/gems/ruby-2.1.0/specifications/maruku-0.7.0.gemspec
I, [2014-01-12T15:29:51.234386 #10502]  INFO -- : 0:  posix-spawn (0.3.8) from /home/pritesh/.rvm/gems/ruby-2.1.0/specifications/posix-spawn-0.3.8.gemspec
I, [2014-01-12T15:29:51.235109 #10502]  INFO -- : 0:  yajl-ruby (1.1.0) from /home/pritesh/.rvm/gems/ruby-2.1.0/specifications/yajl-ruby-1.1.0.gemspec
I, [2014-01-12T15:29:51.235814 #10502]  INFO -- : 0:  pygments.rb (0.5.4) from /home/pritesh/.rvm/gems/ruby-2.1.0/specifications/pygments.rb-0.5.4.gemspec
I, [2014-01-12T15:29:51.236574 #10502]  INFO -- : 0:  redcarpet (2.3.0) from /home/pritesh/.rvm/gems/ruby-2.1.0/specifications/redcarpet-2.3.0.gemspec
I, [2014-01-12T15:29:51.237300 #10502]  INFO -- : 0:  safe_yaml (0.9.7) from /home/pritesh/.rvm/gems/ruby-2.1.0/specifications/safe_yaml-0.9.7.gemspec
I, [2014-01-12T15:29:51.237873 #10502]  INFO -- : 0:  parslet (1.5.0) from /home/pritesh/.rvm/gems/ruby-2.1.0/specifications/parslet-1.5.0.gemspec
I, [2014-01-12T15:29:51.238318 #10502]  INFO -- : 0:  toml (0.1.0) from /home/pritesh/.rvm/gems/ruby-2.1.0/specifications/toml-0.1.0.gemspec
I, [2014-01-12T15:29:51.238754 #10502]  INFO -- : 0:  jekyll (1.4.2) from /home/pritesh/.rvm/gems/ruby-2.1.0/specifications/jekyll-1.4.2.gemspec
I, [2014-01-12T15:29:57.325704 #10502]  INFO -- : 0:  kramdown (1.2.0) from /home/pritesh/.rvm/gems/ruby-2.1.0/specifications/kramdown-1.2.0.gemspec
I, [2014-01-12T15:30:10.592311 #10502]  INFO -- : 0:  rdiscount (2.1.7) from /home/pritesh/.rvm/gems/ruby-2.1.0/specifications/rdiscount-2.1.7.gemspec
I, [2014-01-12T15:30:13.733958 #10502]  INFO -- : 0:  github-pages (13) from /home/pritesh/.rvm/gems/ruby-2.1.0/specifications/github-pages-13.gemspec
I, [2014-01-12T15:30:13.735449 #10502]  INFO -- : 0:  bundler (1.5.1) from /home/pritesh/.rvm/gems/ruby-2.1.0@global/specifications/bundler-1.5.1.gemspec
